C:\Program Files (x86)\Microsoft Visual Studio\2017\Community\Common7\IDE\VC\VCTargets\Microsoft.CppBuild.targets(387,5): warning MSB8028: The intermediate directory (Release\) contains files shared from another project (GameEngine.vcxproj).  This can lead to incorrect clean and rebuild behavior.
  stdafx.cpp
  Component.cpp
  Debug.cpp
d:\github-repos\game_engine\gameengine\gameengine\Debug.h(8): fatal error C1083: Cannot open include file: 'imgui.h': No such file or directory
  EngineGUI.cpp
d:\github-repos\game_engine\gameengine\gameengine\Debug.h(8): fatal error C1083: Cannot open include file: 'imgui.h': No such file or directory
  Entity.cpp
  EntityManager.cpp
d:\github-repos\game_engine\gameengine\gameengine\Debug.h(8): fatal error C1083: Cannot open include file: 'imgui.h': No such file or directory
  GameEngine.cpp
d:\github-repos\game_engine\gameengine\gameengine\Debug.h(8): fatal error C1083: Cannot open include file: 'imgui.h': No such file or directory
  imgui-SFML.cpp
imgui-SFML.cpp(2): fatal error C1083: Cannot open include file: 'imgui-SFML.h': No such file or directory
  imgui.cpp
imgui.cpp(580): fatal error C1083: Cannot open include file: 'imgui.h': No such file or directory
  imgui_demo.cpp
imgui_demo.cpp(25): fatal error C1083: Cannot open include file: 'imgui.h': No such file or directory
  imgui_draw.cpp
imgui_draw.cpp(16): fatal error C1083: Cannot open include file: 'imgui.h': No such file or directory
  LuaManager.cpp
d:\github-repos\game_engine\gameengine\gameengine\Debug.h(8): fatal error C1083: Cannot open include file: 'imgui.h': No such file or directory
  RenderEngine.cpp
d:\github-repos\game_engine\gameengine\gameengine\Debug.h(8): fatal error C1083: Cannot open include file: 'imgui.h': No such file or directory
