d:\github-repos\game_engine\gameengine\gameengine\debug\game engine.pch
d:\github-repos\game_engine\gameengine\gameengine\debug\vc141.pdb
d:\github-repos\game_engine\gameengine\gameengine\debug\vc141.idb
d:\github-repos\game_engine\gameengine\gameengine\debug\stdafx.obj
d:\github-repos\game_engine\gameengine\gameengine\debug\component.obj
d:\github-repos\game_engine\gameengine\gameengine\debug\debug.obj
d:\github-repos\game_engine\gameengine\gameengine\debug\enginegui.obj
d:\github-repos\game_engine\gameengine\gameengine\debug\entity.obj
d:\github-repos\game_engine\gameengine\gameengine\debug\entitymanager.obj
d:\github-repos\game_engine\gameengine\gameengine\debug\gameengine.obj
d:\github-repos\game_engine\gameengine\gameengine\debug\imgui-sfml.obj
d:\github-repos\game_engine\gameengine\gameengine\debug\imgui.obj
d:\github-repos\game_engine\gameengine\gameengine\debug\imgui_demo.obj
d:\github-repos\game_engine\gameengine\gameengine\debug\imgui_draw.obj
d:\github-repos\game_engine\gameengine\gameengine\debug\luamanager.obj
d:\github-repos\game_engine\gameengine\gameengine\debug\renderengine.obj
d:\github-repos\game_engine\gameengine\gameengine\debug\gameview.obj
d:\github-repos\game_engine\gameengine\gameengine\debug\graphicscomponent.obj
d:\github-repos\game_engine\gameengine\gameengine\debug\componentfactory.obj
d:\github-repos\game_engine\gameengine\gameengine\debug\shadercomponent.obj
d:\github-repos\game_engine\gameengine\gameengine\debug\transformcomponent.obj
d:\github-repos\game_engine\gameengine\debug\game engine.exe
d:\github-repos\game_engine\gameengine\debug\game engine.ilk
d:\github-repos\game_engine\gameengine\debug\game engine.pdb
d:\github-repos\game_engine\gameengine\gameengine\debug\gameengine.pch
d:\github-repos\game_engine\gameengine\gameengine\debug\game engine.tlog\cl.command.1.tlog
d:\github-repos\game_engine\gameengine\gameengine\debug\game engine.tlog\cl.read.1.tlog
d:\github-repos\game_engine\gameengine\gameengine\debug\game engine.tlog\cl.write.1.tlog
d:\github-repos\game_engine\gameengine\gameengine\debug\game engine.tlog\link.command.1.tlog
d:\github-repos\game_engine\gameengine\gameengine\debug\game engine.tlog\link.read.1.tlog
d:\github-repos\game_engine\gameengine\gameengine\debug\game engine.tlog\link.write.1.tlog
